/data0/qyc/vox1_2/rirs_noises.zip exists. Skipping download
/data0/qyc/vox1_2/rirs_noises.zip exists. Skipping download
/data0/qyc/vox1_2/rirs_noises.zip exists. Skipping download
/home/qinyc/02_exp/exp13/save/veri_test2.txt exists. Skipping download
speechbrain.core - Beginning experiment!
speechbrain.core - Experiment folder: /home/qinyc/02_exp/exp13
speechbrain.core - Info: ckpt_interval_minutes arg from hparam file is used
speechbrain.core - 17.7M trainable parameters in SpeakerBrain
speechbrain.utils.checkpoints - Would load a checkpoint here, but none found yet.
speechbrain.utils.epoch_loop - Going into epoch 1
100%|██████████| 64370/64370 [6:01:34<00:00,  2.97it/s, train_loss=5.74]
100%|██████████| 7140/7140 [05:07<00:00, 23.20it/s]speechbrain.nnet.schedulers - Changing lr from 0.001 to 0.001
speechbrain.utils.train_logger - epoch: 1, lr: 1.00e-03 - train loss: 5.74 - valid loss: 1.86, valid ErrorRate: 6.06e-02
speechbrain.utils.checkpoints - Saved an end-of-epoch checkpoint in /home/qinyc/02_exp/exp13/save/CKPT+2022-03-16+15-59-35+00
speechbrain.utils.checkpoints - Deleted checkpoint in /home/qinyc/02_exp/exp13/save/CKPT+2022-03-16+15-52-59+00
speechbrain.utils.epoch_loop - Going into epoch 2

100%|██████████| 64370/64370 [6:01:45<00:00,  2.97it/s, train_loss=2.27]
100%|██████████| 7140/7140 [05:07<00:00, 23.19it/s]speechbrain.nnet.schedulers - Changing lr from 1e-08 to 2.6e-08
speechbrain.utils.train_logger - epoch: 2, lr: 2.55e-08 - train loss: 2.27 - valid loss: 8.52e-01, valid ErrorRate: 2.64e-02
speechbrain.utils.checkpoints - Saved an end-of-epoch checkpoint in /home/qinyc/02_exp/exp13/save/CKPT+2022-03-16+22-06-33+00
speechbrain.utils.checkpoints - Deleted checkpoint in /home/qinyc/02_exp/exp13/save/CKPT+2022-03-16+15-59-35+00
speechbrain.utils.checkpoints - Deleted checkpoint in /home/qinyc/02_exp/exp13/save/CKPT+2022-03-16+21-59-49+00
speechbrain.utils.epoch_loop - Going into epoch 3

100%|██████████| 64370/64370 [6:01:39<00:00,  2.97it/s, train_loss=1.93]
100%|██████████| 7140/7140 [05:07<00:00, 23.24it/s]speechbrain.nnet.schedulers - Changing lr from 0.001 to 0.001
speechbrain.utils.train_logger - epoch: 3, lr: 1.00e-03 - train loss: 1.93 - valid loss: 1.18, valid ErrorRate: 3.51e-02
speechbrain.utils.checkpoints - Saved an end-of-epoch checkpoint in /home/qinyc/02_exp/exp13/save/CKPT+2022-03-17+04-13-25+00
speechbrain.utils.checkpoints - Deleted checkpoint in /home/qinyc/02_exp/exp13/save/CKPT+2022-03-17+04-06-48+00
speechbrain.utils.epoch_loop - Going into epoch 4

100%|██████████| 64370/64370 [6:01:49<00:00,  2.96it/s, train_loss=1.78]
100%|██████████| 7140/7140 [05:08<00:00, 23.13it/s]speechbrain.nnet.schedulers - Changing lr from 1e-08 to 2.6e-08
speechbrain.utils.train_logger - epoch: 4, lr: 2.55e-08 - train loss: 1.78 - valid loss: 6.73e-01, valid ErrorRate: 2.18e-02
speechbrain.utils.checkpoints - Saved an end-of-epoch checkpoint in /home/qinyc/02_exp/exp13/save/CKPT+2022-03-17+10-20-29+00
speechbrain.utils.checkpoints - Deleted checkpoint in /home/qinyc/02_exp/exp13/save/CKPT+2022-03-17+04-13-25+00
speechbrain.utils.checkpoints - Deleted checkpoint in /home/qinyc/02_exp/exp13/save/CKPT+2022-03-17+10-13-42+00
speechbrain.utils.checkpoints - Deleted checkpoint in /home/qinyc/02_exp/exp13/save/CKPT+2022-03-16+22-06-33+00
speechbrain.utils.epoch_loop - Going into epoch 5

100%|██████████| 64370/64370 [6:01:58<00:00,  2.96it/s, train_loss=1.62]
100%|██████████| 7140/7140 [05:08<00:00, 23.17it/s]speechbrain.nnet.schedulers - Changing lr from 0.001 to 0.001
speechbrain.utils.train_logger - epoch: 5, lr: 1.00e-03 - train loss: 1.62 - valid loss: 1.01, valid ErrorRate: 3.02e-02
speechbrain.utils.checkpoints - Saved an end-of-epoch checkpoint in /home/qinyc/02_exp/exp13/save/CKPT+2022-03-17+16-27-41+00
speechbrain.utils.checkpoints - Deleted checkpoint in /home/qinyc/02_exp/exp13/save/CKPT+2022-03-17+16-20-46+00
speechbrain.utils.epoch_loop - Going into epoch 6

100%|██████████| 64370/64370 [6:02:02<00:00,  2.96it/s, train_loss=1.58]
100%|██████████| 7140/7140 [05:08<00:00, 23.17it/s]speechbrain.nnet.schedulers - Changing lr from 1e-08 to 2.6e-08
speechbrain.utils.train_logger - epoch: 6, lr: 2.55e-08 - train loss: 1.58 - valid loss: 5.93e-01, valid ErrorRate: 1.98e-02
speechbrain.utils.checkpoints - Saved an end-of-epoch checkpoint in /home/qinyc/02_exp/exp13/save/CKPT+2022-03-17+22-34-57+00
speechbrain.utils.checkpoints - Deleted checkpoint in /home/qinyc/02_exp/exp13/save/CKPT+2022-03-17+22-28-03+00
speechbrain.utils.checkpoints - Deleted checkpoint in /home/qinyc/02_exp/exp13/save/CKPT+2022-03-17+10-20-29+00
speechbrain.utils.checkpoints - Deleted checkpoint in /home/qinyc/02_exp/exp13/save/CKPT+2022-03-17+16-27-41+00
speechbrain.utils.epoch_loop - Going into epoch 7

100%|██████████| 64370/64370 [6:01:46<00:00,  2.97it/s, train_loss=1.46]
100%|██████████| 7140/7140 [05:07<00:00, 23.19it/s]speechbrain.nnet.schedulers - Changing lr from 0.001 to 0.001
speechbrain.utils.train_logger - epoch: 7, lr: 1.00e-03 - train loss: 1.46 - valid loss: 9.45e-01, valid ErrorRate: 2.78e-02
speechbrain.utils.checkpoints - Saved an end-of-epoch checkpoint in /home/qinyc/02_exp/exp13/save/CKPT+2022-03-18+04-41-57+00
speechbrain.utils.checkpoints - Deleted checkpoint in /home/qinyc/02_exp/exp13/save/CKPT+2022-03-18+04-35-17+00
speechbrain.utils.epoch_loop - Going into epoch 8

100%|██████████| 64370/64370 [6:01:41<00:00,  2.97it/s, train_loss=1.47]
100%|██████████| 7140/7140 [05:07<00:00, 23.18it/s]speechbrain.nnet.schedulers - Changing lr from 1e-08 to 2.6e-08
speechbrain.utils.train_logger - epoch: 8, lr: 2.55e-08 - train loss: 1.47 - valid loss: 5.48e-01, valid ErrorRate: 1.91e-02
speechbrain.utils.checkpoints - Saved an end-of-epoch checkpoint in /home/qinyc/02_exp/exp13/save/CKPT+2022-03-18+10-48-52+00
speechbrain.utils.checkpoints - Deleted checkpoint in /home/qinyc/02_exp/exp13/save/CKPT+2022-03-18+04-41-57+00
speechbrain.utils.checkpoints - Deleted checkpoint in /home/qinyc/02_exp/exp13/save/CKPT+2022-03-17+22-34-57+00
speechbrain.utils.checkpoints - Deleted checkpoint in /home/qinyc/02_exp/exp13/save/CKPT+2022-03-18+10-42-23+00

speechbrain.utils.epoch_loop - Going into epoch 9
100%|██████████| 64370/64370 [5:58:48<00:00,  2.99it/s, train_loss=1.37]
100%|██████████| 7140/7140 [05:06<00:00, 23.27it/s]speechbrain.nnet.schedulers - Changing lr from 0.001 to 0.001
speechbrain.utils.train_logger - epoch: 9, lr: 1.00e-03 - train loss: 1.37 - valid loss: 8.83e-01, valid ErrorRate: 2.67e-02
speechbrain.utils.checkpoints - Saved an end-of-epoch checkpoint in /home/qinyc/02_exp/exp13/save/CKPT+2022-03-18+22-45-19+00
speechbrain.utils.checkpoints - Deleted checkpoint in /home/qinyc/02_exp/exp13/save/CKPT+2022-03-18+22-26-31+00
speechbrain.utils.epoch_loop - Going into epoch 10

100%|██████████| 64370/64370 [5:58:47<00:00,  2.99it/s, train_loss=1.4]
100%|██████████| 7140/7140 [05:07<00:00, 23.24it/s]speechbrain.nnet.schedulers - Changing lr from 1e-08 to 2.6e-08
speechbrain.utils.train_logger - epoch: 10, lr: 2.55e-08 - train loss: 1.40 - valid loss: 5.14e-01, valid ErrorRate: 1.82e-02
speechbrain.utils.checkpoints - Saved an end-of-epoch checkpoint in /home/qinyc/02_exp/exp13/save/CKPT+2022-03-19+04-49-19+00
speechbrain.utils.checkpoints - Deleted checkpoint in /home/qinyc/02_exp/exp13/save/CKPT+2022-03-18+10-48-52+00
speechbrain.utils.checkpoints - Deleted checkpoint in /home/qinyc/02_exp/exp13/save/CKPT+2022-03-19+04-30-32+00
speechbrain.utils.checkpoints - Deleted checkpoint in /home/qinyc/02_exp/exp13/save/CKPT+2022-03-18+22-45-19+00

